<?xml version="1.0" encoding="UTF-8"?>
<!-- Generated by org.testng.reporters.JUnitXMLReporter -->
<testsuite ignored="0" hostname="DESKTOP-E2JOFU2" failures="0" tests="4" name="Default test" time="37.401" errors="0" timestamp="2024-11-26T08:07:06 IST">
  <testcase classname="User_Module.UserLoginTest" name="CheckOutProcess" time="12.398"/>
  <testcase classname="User_Module.UserLoginTest" name="UserLogin" time="3.383"/>
  <testcase classname="User_Module.UserLoginTest" name="VerfifyWishlist" time="6.395"/>
  <testcase classname="User_Module.UserLoginTest" name="VerifyPayment" time="8.599"/>
</testsuite> <!-- Default test -->
