<?xml version="1.0" encoding="UTF-8"?>
<testng-results ignored="0" total="0" passed="0" failed="0" skipped="0">
  <reporter-output>
  </reporter-output>
  <suite started-at="2024-11-26T18:16:14 IST" name="Suite" finished-at="2024-11-26T18:16:14 IST" duration-ms="0">
    <groups>
      <group name="regressionTest">
        <method signature="UserLoginTest.CheckOutProcess()[pri:0, instance:User_Module.UserLoginTest@7ae0a9ec]" name="CheckOutProcess" class="User_Module.UserLoginTest"/>
        <method signature="UserLoginTest.UserLogin()[pri:0, instance:User_Module.UserLoginTest@7ae0a9ec]" name="UserLogin" class="User_Module.UserLoginTest"/>
        <method signature="AdminLoginTest.createcategory()[pri:0, instance:Admin_Module.AdminLoginTest@7e990ed7]" name="createcategory" class="Admin_Module.AdminLoginTest"/>
      </group> <!-- regressionTest -->
      <group name="smokeTest">
        <method signature="UserLoginTest.VerfifyWishlist()[pri:0, instance:User_Module.UserLoginTest@7ae0a9ec]" name="VerfifyWishlist" class="User_Module.UserLoginTest"/>
        <method signature="UserLoginTest.VerifyPayment()[pri:0, instance:User_Module.UserLoginTest@7ae0a9ec]" name="VerifyPayment" class="User_Module.UserLoginTest"/>
        <method signature="AdminLoginTest.adminlogin()[pri:0, instance:Admin_Module.AdminLoginTest@7e990ed7]" name="adminlogin" class="Admin_Module.AdminLoginTest"/>
        <method signature="AdminLoginTest.createSubCategory()[pri:0, instance:Admin_Module.AdminLoginTest@7e990ed7]" name="createSubCategory" class="Admin_Module.AdminLoginTest"/>
      </group> <!-- smokeTest -->
    </groups>
  </suite> <!-- Suite -->
</testng-results>
