<?xml version="1.0" encoding="UTF-8"?>
<!-- Generated by org.testng.reporters.JUnitXMLReporter -->
<testsuite ignored="7" hostname="DESKTOP-E2JOFU2" failures="0" tests="2" name="Test" time="22.962" errors="0" timestamp="2024-11-26T08:29:37 IST">
  <testcase classname="User_Module.UserLoginTest" name="CheckOutProcess" time="11.717"/>
  <testcase classname="User_Module.UserLoginTest" name="UserLogin" time="3.604"/>
  <testcase classname="Admin_Module.AdminLoginTest" name="adminlogin" time="0.0">
    <ignored/>
  </testcase> <!-- adminlogin -->
  <testcase classname="User_Module.UserLoginTest" name="VerfifyWishlist" time="0.0">
    <ignored/>
  </testcase> <!-- VerfifyWishlist -->
  <testcase classname="com.Easy_Purse.S_S.GenericUtility.BaseClass" name="@BeforeSuite configBS" time="0.0">
    <ignored/>
  </testcase> <!-- @BeforeSuite configBS -->
  <testcase classname="Admin_Module.AdminLoginTest" name="createSubCategory" time="0.0">
    <ignored/>
  </testcase> <!-- createSubCategory -->
  <testcase classname="User_Module.UserLoginTest" name="VerifyPayment" time="0.0">
    <ignored/>
  </testcase> <!-- VerifyPayment -->
  <testcase classname="com.Easy_Purse.S_S.GenericUtility.BaseClass" name="@AfterSuite configAS" time="0.0">
    <ignored/>
  </testcase> <!-- @AfterSuite configAS -->
  <testcase classname="Admin_Module.AdminLoginTest" name="createcategory" time="0.0">
    <ignored/>
  </testcase> <!-- createcategory -->
</testsuite> <!-- Test -->
